[0.013s] Invoking command in '/home/megan/magic/ros2_ws/build/hardware_interface': AMENT_PREFIX_PATH=/home/megan/magic/ros2_ws/install/ros2_control_test_assets:/home/megan/magic/ros2_ws/install/control_msgs:${AMENT_PREFIX_PATH} CMAKE_PREFIX_PATH=/home/megan/magic/ros2_ws/install/ros2_control_test_assets:/home/megan/magic/ros2_ws/install/control_msgs:/opt/ros/humble LD_LIBRARY_PATH=/home/megan/magic/ros2_ws/install/control_msgs/lib:${LD_LIBRARY_PATH} PYTHONPATH=/home/megan/magic/ros2_ws/install/control_msgs/lib/python3.10/site-packages:${PYTHONPATH} VIRTUAL_ENV_PROMPT=(magic) /usr/bin/cmake /home/megan/magic/ros2_ws/src/ros2_control/hardware_interface -DCMAKE_BUILD_TYPE=Release -DCMAKE_INSTALL_PREFIX=/home/megan/magic/ros2_ws/install/hardware_interface
[0.079s] -- The C compiler identification is GNU 11.4.0
[0.133s] -- The CXX compiler identification is GNU 11.4.0
[0.141s] -- Detecting C compiler ABI info
[0.198s] -- Detecting C compiler ABI info - done
[0.202s] -- Check for working C compiler: /usr/bin/cc - skipped
[0.203s] -- Detecting C compile features
[0.203s] -- Detecting C compile features - done
[0.205s] -- Detecting CXX compiler ABI info
[0.275s] -- Detecting CXX compiler ABI info - done
[0.280s] -- Check for working CXX compiler: /usr/bin/c++ - skipped
[0.280s] -- Detecting CXX compile features
[0.280s] -- Detecting CXX compile features - done
[0.282s] -- Found ament_cmake: 1.3.11 (/opt/ros/humble/share/ament_cmake/cmake)
[0.740s] -- Found Python3: /home/megan/.pyenv/versions/3.10.15/envs/magic/bin/python3 (found version "3.10.15") found components: Interpreter 
[0.811s] -- Found control_msgs: 4.7.0 (/home/megan/magic/ros2_ws/install/control_msgs/share/control_msgs/cmake)
[0.855s] -- Found rosidl_generator_c: 3.1.6 (/opt/ros/humble/share/rosidl_generator_c/cmake)
[0.858s] -- Found rosidl_adapter: 3.1.6 (/opt/ros/humble/share/rosidl_adapter/cmake)
[0.864s] -- Found rosidl_generator_cpp: 3.1.6 (/opt/ros/humble/share/rosidl_generator_cpp/cmake)
[0.872s] -- Using all available rosidl_typesupport_c: rosidl_typesupport_fastrtps_c;rosidl_typesupport_introspection_c
[0.882s] -- Using all available rosidl_typesupport_cpp: rosidl_typesupport_fastrtps_cpp;rosidl_typesupport_introspection_cpp
[0.978s] -- Found lifecycle_msgs: 1.2.1 (/opt/ros/humble/share/lifecycle_msgs/cmake)
[0.990s] -- Found pluginlib: 5.1.0 (/opt/ros/humble/share/pluginlib/cmake)
[1.010s] -- Found rclcpp_lifecycle: 16.0.11 (/opt/ros/humble/share/rclcpp_lifecycle/cmake)
[1.050s] -- Found rmw_implementation_cmake: 6.1.2 (/opt/ros/humble/share/rmw_implementation_cmake/cmake)
[1.052s] -- Found rmw_cyclonedds_cpp: 1.3.4 (/opt/ros/humble/share/rmw_cyclonedds_cpp/cmake)
[1.069s] -- Using RMW implementation 'rmw_cyclonedds_cpp' as default
[1.075s] -- Looking for pthread.h
[1.134s] -- Looking for pthread.h - found
[1.134s] -- Performing Test CMAKE_HAVE_LIBC_PTHREAD
[1.199s] -- Performing Test CMAKE_HAVE_LIBC_PTHREAD - Success
[1.200s] -- Found Threads: TRUE  
[1.242s] -- Found TinyXML2 via Config file: TinyXML2_DIR-NOTFOUND
[1.245s] -- Found ament_cmake_gmock: 1.3.11 (/opt/ros/humble/share/ament_cmake_gmock/cmake)
[1.246s] -- Found ros2_control_test_assets: 2.48.0 (/home/megan/magic/ros2_ws/install/ros2_control_test_assets/share/ros2_control_test_assets/cmake)
[1.248s] -- Found gmock sources under '/opt/ros/humble/src/gmock_vendor': C++ tests using 'Google Mock' will be built
[1.251s] -- Found ament_cmake_gtest: 1.3.11 (/opt/ros/humble/share/ament_cmake_gtest/cmake)
[1.251s] -- Found gtest sources under '/opt/ros/humble/src/gtest_vendor': C++ tests using 'Google Test' will be built
[1.325s] -- Configuring done
[1.375s] -- Generating done
[1.389s] -- Build files have been written to: /home/megan/magic/ros2_ws/build/hardware_interface
[1.397s] Invoked command in '/home/megan/magic/ros2_ws/build/hardware_interface' returned '0': AMENT_PREFIX_PATH=/home/megan/magic/ros2_ws/install/ros2_control_test_assets:/home/megan/magic/ros2_ws/install/control_msgs:${AMENT_PREFIX_PATH} CMAKE_PREFIX_PATH=/home/megan/magic/ros2_ws/install/ros2_control_test_assets:/home/megan/magic/ros2_ws/install/control_msgs:/opt/ros/humble LD_LIBRARY_PATH=/home/megan/magic/ros2_ws/install/control_msgs/lib:${LD_LIBRARY_PATH} PYTHONPATH=/home/megan/magic/ros2_ws/install/control_msgs/lib/python3.10/site-packages:${PYTHONPATH} VIRTUAL_ENV_PROMPT=(magic) /usr/bin/cmake /home/megan/magic/ros2_ws/src/ros2_control/hardware_interface -DCMAKE_BUILD_TYPE=Release -DCMAKE_INSTALL_PREFIX=/home/megan/magic/ros2_ws/install/hardware_interface
[1.397s] Invoking command in '/home/megan/magic/ros2_ws/build/hardware_interface': AMENT_PREFIX_PATH=/home/megan/magic/ros2_ws/install/ros2_control_test_assets:/home/megan/magic/ros2_ws/install/control_msgs:${AMENT_PREFIX_PATH} CMAKE_PREFIX_PATH=/home/megan/magic/ros2_ws/install/ros2_control_test_assets:/home/megan/magic/ros2_ws/install/control_msgs:/opt/ros/humble LD_LIBRARY_PATH=/home/megan/magic/ros2_ws/install/control_msgs/lib:${LD_LIBRARY_PATH} PYTHONPATH=/home/megan/magic/ros2_ws/install/control_msgs/lib/python3.10/site-packages:${PYTHONPATH} VIRTUAL_ENV_PROMPT=(magic) /usr/bin/cmake --build /home/megan/magic/ros2_ws/build/hardware_interface -- -j20 -l20
[1.444s] [  2%] [34m[1mGenerating hardware_interface/version.h[0m
[1.444s] [  5%] [32mBuilding CXX object gmock/CMakeFiles/gmock.dir/opt/ros/humble/src/gtest_vendor/src/gtest-all.cc.o[0m
[1.445s] [  8%] [32mBuilding CXX object gmock/CMakeFiles/gmock_main.dir/src/gmock_main.cc.o[0m
[1.446s] [ 11%] [32mBuilding CXX object gmock/CMakeFiles/gmock.dir/src/gmock-all.cc.o[0m
[1.459s] [ 11%] Built target ament_generate_version_header__hardware_interface
[1.479s] [ 14%] [32mBuilding CXX object CMakeFiles/hardware_interface.dir/src/system.cpp.o[0m
[1.479s] [ 17%] [32mBuilding CXX object CMakeFiles/hardware_interface.dir/src/actuator.cpp.o[0m
[1.481s] [ 20%] [32mBuilding CXX object CMakeFiles/hardware_interface.dir/src/component_parser.cpp.o[0m
[1.481s] [ 25%] [32mBuilding CXX object CMakeFiles/hardware_interface.dir/src/sensor.cpp.o[0m
[1.481s] [ 25%] [32mBuilding CXX object CMakeFiles/hardware_interface.dir/src/resource_manager.cpp.o[0m
[1.482s] [ 28%] [32mBuilding CXX object CMakeFiles/hardware_interface.dir/src/lexical_casts.cpp.o[0m
[2.989s] [ 31%] [32m[1mLinking CXX static library libgmock_main.a[0m
[3.210s] [ 31%] Built target gmock_main
[7.784s] [ 34%] [32m[1mLinking CXX static library libgmock.a[0m
[7.835s] [ 34%] Built target gmock
[7.851s] [ 37%] [32mBuilding CXX object CMakeFiles/test_macros.dir/test/test_macros.cpp.o[0m
[8.881s] [ 40%] [32m[1mLinking CXX executable test_macros[0m
[8.945s] [ 40%] Built target test_macros
[9.437s] [ 42%] [32m[1mLinking CXX shared library libhardware_interface.so[0m
[9.542s] [ 42%] Built target hardware_interface
[9.560s] [ 45%] [32mBuilding CXX object CMakeFiles/mock_components.dir/src/mock_components/generic_system.cpp.o[0m
[9.561s] [ 48%] [32mBuilding CXX object CMakeFiles/test_generic_system.dir/test/mock_components/test_generic_system.cpp.o[0m
[9.562s] [ 51%] [32mBuilding CXX object CMakeFiles/test_component_parser.dir/test/test_component_parser.cpp.o[0m
[9.562s] [ 54%] [32mBuilding CXX object CMakeFiles/test_component_interfaces.dir/test/test_component_interfaces.cpp.o[0m
[9.563s] [ 57%] [32mBuilding CXX object CMakeFiles/test_inst_hardwares.dir/test/test_inst_hardwares.cpp.o[0m
[9.566s] [ 62%] [32mBuilding CXX object CMakeFiles/test_joint_handle.dir/test/test_handle.cpp.o[0m
[9.566s] [ 62%] [32mBuilding CXX object CMakeFiles/fake_components.dir/src/mock_components/generic_system.cpp.o[0m
[9.567s] [ 68%] [32mBuilding CXX object CMakeFiles/fake_components.dir/src/mock_components/fake_generic_system.cpp.o[0m
[9.567s] [ 68%] [32mBuilding CXX object CMakeFiles/test_hardware_components.dir/test/test_hardware_components/test_force_torque_sensor.cpp.o[0m
[9.568s] [ 71%] [32mBuilding CXX object CMakeFiles/test_hardware_components.dir/test/test_hardware_components/test_system_with_command_modes.cpp.o[0m
[9.571s] [ 74%] [32mBuilding CXX object CMakeFiles/test_hardware_components.dir/test/test_hardware_components/test_two_joint_system.cpp.o[0m
[9.581s] [ 77%] [32mBuilding CXX object CMakeFiles/test_hardware_components.dir/test/test_hardware_components/test_single_joint_actuator.cpp.o[0m
[11.488s] [ 80%] [32m[1mLinking CXX executable test_joint_handle[0m
[11.644s] [ 80%] Built target test_joint_handle
[11.799s] [ 82%] [32m[1mLinking CXX executable test_inst_hardwares[0m
[11.944s] [ 82%] Built target test_inst_hardwares
[12.505s] [ 85%] [32m[1mLinking CXX shared library libtest_hardware_components.so[0m
[12.555s] [ 88%] [32m[1mLinking CXX shared library libmock_components.so[0m
[12.609s] [ 88%] Built target test_hardware_components
[12.651s] [ 88%] Built target mock_components
[12.771s] [ 91%] [32m[1mLinking CXX shared library libfake_components.so[0m
[12.860s] [ 91%] Built target fake_components
[14.335s] gmake[2]: *** [CMakeFiles/test_component_parser.dir/build.make:76: CMakeFiles/test_component_parser.dir/test/test_component_parser.cpp.o] Interrupt
[14.335s] gmake[2]: *** [CMakeFiles/test_generic_system.dir/build.make:76: CMakeFiles/test_generic_system.dir/test/mock_components/test_generic_system.cpp.o] Interrupt
[14.335s] gmake[2]: *** [CMakeFiles/test_component_interfaces.dir/build.make:76: CMakeFiles/test_component_interfaces.dir/test/test_component_interfaces.cpp.o] Interrupt
[14.335s] gmake[1]: *** [CMakeFiles/Makefile2:385: CMakeFiles/test_component_parser.dir/all] Interrupt
[14.336s] gmake[1]: *** [CMakeFiles/Makefile2:439: CMakeFiles/test_generic_system.dir/all] Interrupt
[14.336s] gmake[1]: *** [CMakeFiles/Makefile2:357: CMakeFiles/test_component_interfaces.dir/all] Interrupt
[14.336s] gmake: *** [Makefile:146: all] Interrupt
